<?xml version="1.0" encoding="UTF-8"?>
<!-- Generated by org.testng.reporters.JUnitXMLReporter -->
<testsuite hostname="DESKTOP-M0OJOK9" ignored="0" name="SeleniumLevel1" tests="1" failures="1" timestamp="06 Jan 2022 14:21:37 GMT" time="12.563" errors="0">
  <testcase name="TC15" time="5.447" classname="Railway.TC15">
    <failure type="java.lang.AssertionError" message="Table Title is not displayed correctly expected [Ticket price from Đà Nẵng to Sài Gòn] but found [Ticket price from Sài Gòn to Phan Thiết]">
      <![CDATA[java.lang.AssertionError: Table Title is not displayed correctly expected [Ticket price from Đà Nẵng to Sài Gòn] but found [Ticket price from Sài Gòn to Phan Thiết]
at Railway.TC15.TC15(TC15.java:78)
at com.intellij.rt.testng.IDEARemoteTestNG.run(IDEARemoteTestNG.java:66)
at com.intellij.rt.testng.RemoteTestNGStarter.main(RemoteTestNGStarter.java:109)
... Removed 27 stack frames]]>
    </failure>
  </testcase> <!-- TC15 -->
</testsuite> <!-- SeleniumLevel1 -->
