<?xml version="1.0" encoding="UTF-8"?>
<testng-results skipped="0" failed="0" ignored="0" total="3" passed="3">
  <reporter-output>
  </reporter-output>
  <suite name="Suite1" duration-ms="64371" started-at="2022-01-07T04:06:43Z" finished-at="2022-01-07T04:07:48Z">
    <groups>
    </groups>
    <test name="Final Course" duration-ms="64371" started-at="2022-01-07T04:06:43Z" finished-at="2022-01-07T04:07:48Z">
      <class name="Railway.FTTC402">
        <test-method status="PASS" signature="beforeMethod()[pri:0, instance:Railway.FTTC402@fad74ee]" name="beforeMethod" is-config="true" duration-ms="1257" started-at="2022-01-07T04:06:57Z" finished-at="2022-01-07T04:06:58Z">
          <reporter-output>
          </reporter-output>
        </test-method> <!-- beforeMethod -->
        <test-method status="PASS" signature="setTestPreCondition()[pri:0, instance:Railway.FTTC402@fad74ee]" name="setTestPreCondition" is-config="true" duration-ms="4248" started-at="2022-01-07T04:06:58Z" description="PRE-CONDITION: Create and activate a new account" finished-at="2022-01-07T04:07:03Z">
          <reporter-output>
          </reporter-output>
        </test-method> <!-- setTestPreCondition -->
        <test-method status="PASS" signature="FTTC402(java.lang.String, java.lang.String, java.lang.String, java.lang.String)[pri:0, instance:Railway.FTTC402@fad74ee]" name="FTTC402" duration-ms="30439" started-at="2022-01-07T04:07:03Z" description="FTTC402 - User can filter &#039;Manage ticket&#039; table with both Depart Station and Arrive station" data-provider="data-providerFTTC403" finished-at="2022-01-07T04:07:33Z">
          <params>
            <param index="0">
              <value>
                <![CDATA[Nha Trang]]>
              </value>
            </param>
            <param index="1">
              <value>
                <![CDATA[Sài Gòn]]>
              </value>
            </param>
            <param index="2">
              <value>
                <![CDATA[Soft seat with air conditioner]]>
              </value>
            </param>
            <param index="3">
              <value>
                <![CDATA[1]]>
              </value>
            </param>
          </params>
          <reporter-output>
          </reporter-output>
        </test-method> <!-- FTTC402 -->
        <test-method status="PASS" signature="afterMethod()[pri:0, instance:Railway.FTTC402@fad74ee]" name="afterMethod" is-config="true" duration-ms="613" started-at="2022-01-07T04:07:33Z" finished-at="2022-01-07T04:07:34Z">
          <reporter-output>
          </reporter-output>
        </test-method> <!-- afterMethod -->
      </class> <!-- Railway.FTTC402 -->
      <class name="Railway.FTTC403">
        <test-method status="PASS" signature="beforeMethod()[pri:0, instance:Railway.FTTC403@1a1d6a08]" name="beforeMethod" is-config="true" duration-ms="1249" started-at="2022-01-07T04:07:34Z" finished-at="2022-01-07T04:07:35Z">
          <reporter-output>
          </reporter-output>
        </test-method> <!-- beforeMethod -->
        <test-method status="PASS" signature="setTestPreCondition()[pri:0, instance:Railway.FTTC403@1a1d6a08]" name="setTestPreCondition" is-config="true" duration-ms="4431" started-at="2022-01-07T04:07:35Z" description="PRE-CONDITION: Create and activate a new account" finished-at="2022-01-07T04:07:39Z">
          <reporter-output>
          </reporter-output>
        </test-method> <!-- setTestPreCondition -->
        <test-method status="PASS" signature="FTTC403(java.lang.String, java.lang.String, java.lang.String)[pri:0, instance:Railway.FTTC403@1a1d6a08]" name="FTTC403" duration-ms="7727" started-at="2022-01-07T04:07:39Z" description="FTTC403 - User can book ticket from Timetable" data-provider="data-providerFTTC403" finished-at="2022-01-07T04:07:47Z">
          <params>
            <param index="0">
              <value>
                <![CDATA[Huế]]>
              </value>
            </param>
            <param index="1">
              <value>
                <![CDATA[Nha Trang]]>
              </value>
            </param>
            <param index="2">
              <value>
                <![CDATA[8:00]]>
              </value>
            </param>
          </params>
          <reporter-output>
          </reporter-output>
        </test-method> <!-- FTTC403 -->
        <test-method status="PASS" signature="afterMethod()[pri:0, instance:Railway.FTTC403@1a1d6a08]" name="afterMethod" is-config="true" duration-ms="609" started-at="2022-01-07T04:07:47Z" finished-at="2022-01-07T04:07:48Z">
          <reporter-output>
          </reporter-output>
        </test-method> <!-- afterMethod -->
      </class> <!-- Railway.FTTC403 -->
      <class name="Railway.FTTC401">
        <test-method status="PASS" signature="beforeMethod()[pri:0, instance:Railway.FTTC401@36b4cef0]" name="beforeMethod" is-config="true" duration-ms="1585" started-at="2022-01-07T04:06:43Z" finished-at="2022-01-07T04:06:45Z">
          <reporter-output>
          </reporter-output>
        </test-method> <!-- beforeMethod -->
        <test-method status="PASS" signature="setTestPreCondition()[pri:0, instance:Railway.FTTC401@36b4cef0]" name="setTestPreCondition" is-config="true" duration-ms="4248" started-at="2022-01-07T04:06:45Z" description="PRE-CONDITION: Create and activate a new account" finished-at="2022-01-07T04:06:49Z">
          <reporter-output>
          </reporter-output>
        </test-method> <!-- setTestPreCondition -->
        <test-method status="PASS" signature="FTTC401(java.lang.String, java.lang.String, java.lang.String, java.lang.String, java.lang.String)[pri:0, instance:Railway.FTTC401@36b4cef0]" name="FTTC401" duration-ms="6803" started-at="2022-01-07T04:06:49Z" description="FTTC401 - User can book 1 ticket at a time" data-provider="data-providerFTTC401" finished-at="2022-01-07T04:06:56Z">
          <params>
            <param index="0">
              <value>
                <![CDATA[Huế]]>
              </value>
            </param>
            <param index="1">
              <value>
                <![CDATA[Nha Trang]]>
              </value>
            </param>
            <param index="2">
              <value>
                <![CDATA[Soft seat with air conditioner]]>
              </value>
            </param>
            <param index="3">
              <value>
                <![CDATA[4]]>
              </value>
            </param>
            <param index="4">
              <value>
                <![CDATA[1200000]]>
              </value>
            </param>
          </params>
          <reporter-output>
          </reporter-output>
        </test-method> <!-- FTTC401 -->
        <test-method status="PASS" signature="afterMethod()[pri:0, instance:Railway.FTTC401@36b4cef0]" name="afterMethod" is-config="true" duration-ms="1115" started-at="2022-01-07T04:06:56Z" finished-at="2022-01-07T04:06:57Z">
          <reporter-output>
          </reporter-output>
        </test-method> <!-- afterMethod -->
      </class> <!-- Railway.FTTC401 -->
    </test> <!-- Final Course -->
  </suite> <!-- Suite1 -->
</testng-results>
